<?xml version="1.0" encoding="UTF-8"?>
<!-- Generated by org.testng.reporters.JUnitReportReporter -->
<testsuite hostname="DESKTOP-7KHGDTP" failures="0" tests="1" name="testCases.TC1_ValidateSignUp" time="3.793" errors="0" timestamp="2022-12-11T23:43:04 EET" skipped="0">
  <testcase classname="testCases.TC1_ValidateSignUp" name="SignUp" time="3.793"/>
  <system-out/>
</testsuite> <!-- testCases.TC1_ValidateSignUp -->
