<?xml version="1.0" encoding="UTF-8"?>
<!-- Generated by org.testng.reporters.JUnitReportReporter -->
<testsuite hostname="DESKTOP-7KHGDTP" failures="0" tests="1" name="testCases.TC4_ValidateCheckout" time="12.413" errors="0" timestamp="2022-12-12T02:46:04 EET" skipped="0">
  <testcase classname="testCases.TC4_ValidateCheckout" name="CheckOut" time="12.413"/>
  <system-out/>
</testsuite> <!-- testCases.TC4_ValidateCheckout -->
