<?xml version="1.0" encoding="UTF-8"?>
<!-- Generated by org.testng.reporters.JUnitReportReporter -->
<testsuite hostname="DESKTOP-7KHGDTP" failures="0" tests="2" name="testCases.TC3_VallidateAddItemToCard" time="27.526" errors="0" timestamp="2022-12-11T23:43:04 EET" skipped="0">
  <testcase classname="testCases.TC3_VallidateAddItemToCard" name="AddItemToCard" time="15.241"/>
  <system-out/>
  <testcase classname="testCases.TC3_VallidateAddItemToCard" name="CheckOut" time="12.285"/>
  <system-out/>
</testsuite> <!-- testCases.TC3_VallidateAddItemToCard -->
