<?xml version="1.0" encoding="UTF-8"?>
<!-- Generated by org.testng.reporters.JUnitReportReporter -->
<testsuite hostname="DESKTOP-7KHGDTP" failures="0" tests="1" name="testCases.TC2_ValidateLogin" time="2.744" errors="0" timestamp="2022-12-11T23:43:04 EET" skipped="0">
  <testcase classname="testCases.TC2_ValidateLogin" name="Login" time="2.744"/>
  <system-out/>
</testsuite> <!-- testCases.TC2_ValidateLogin -->
